
ROM used:   2238/8192 (27%)
            3158/8192 (39%) including unused fragments

            1.8 Average locations per line
            8.5 Average locations per statement

RAM used:   22/368 (6%) at main() level
            48/368 (13%) worst case

Stack used: 1 worst case (0 in main + 1 for interrupts)
Stack size: 8

Lines Stmts  %   Files
----- ----- ---  -----
  143   178  68  led.c
  661     0   0  ..\..\..\..\Program Files (x86)\PICC\Devices\16f877a.h
  456    84  32  ..\..\..\..\Program Files (x86)\PICC\Drivers\lcd.c
----- -----
 1260   262 Total

Page ROM  %  RAM   Vol Diff  Functions:
---- --- --- ---   --- ----  ----------
0     21   1    1             @delay_ms1
0      8   0    0             @const629
 Inline         3   596  5.9  lcd_read_byte
0      6   0    0    59  4.2  lcd_read_nibble
0     12   1    1   179  3.3  lcd_send_nibble
0     64   3    3   460  4.7  lcd_send_byte
0     51   2    2   667  5.9  lcd_init
0     18   1    4   208  6.3  lcd_gotoxy
0     44   2    1   354  4.7  lcd_putc
0     90   4    4    61  1.7  adc
 Inline         2             @ITOF
0    117   5   13             @MULFF
0     41   2    0   143  1.7  lcd
 Inline         5             @FTOSD
0     79   4   13             @DIV3232
0    226  10   13             @PRINTF_L32D_647FPFPF
0      9   0    0             @const681
0     75   3    4             @PSTRINGC7_647
0     77   3    0   536  4.3  timer
1   1110  50    0  4598  4.0  rgb
0     63   3   10             @FLT
0     73   3    0   402  2.7  MAIN
0      5   0    0             @const691
 Inline         0             @cinit1

Program metrics:
    Functions               12
    Statements              262
    Comments                217
    Volume (V)              11769
    Difficulty (D)          46.8
    Effort to implement (E) 550252
    Time to implement (T)   8 hours, 29 minutes
    Est Delivered Bugs (B)  2
    Cyclomatic Complexity   43
    Maintainability (MI)    99

 Segment     Used  Free
-----------  ----  ----
00000-00003     4  0  
00004-00030    45  0  
00031-007FF  1079  920  
00800-00FFF  1110  938  
01000-017FF     0  2048  
01800-01FFF     0  2048  



